<?xml version="1.0" encoding="UTF-8"?>
<testsuite xmlns:xsi="http://www.w3.org/2001/XMLSchema-instance" xsi:noNamespaceSchemaLocation="https://maven.apache.org/surefire/maven-surefire-plugin/xsd/surefire-test-report.xsd" version="3.0.1" name="de.simonaltschaeffl.poker.service.PercentageRakeStrategyTest" time="0.003" tests="4" errors="0" skipped="0" failures="0">
  <properties>
[...]
</properties>
  <testcase name="testZeroPercentageOrCap" classname="de.simonaltschaeffl.poker.service.PercentageRakeStrategyTest" time="0.001"/>
  <testcase name="testBasicPercentage" classname="de.simonaltschaeffl.poker.service.PercentageRakeStrategyTest" time="0.0"/>
  <testcase name="testInvalidArguments" classname="de.simonaltschaeffl.poker.service.PercentageRakeStrategyTest" time="0.001"/>
  <testcase name="testRakeCap" classname="de.simonaltschaeffl.poker.service.PercentageRakeStrategyTest" time="0.0"/>
</testsuite>