<?xml version="1.0" encoding="UTF-8"?>
<testsuite xmlns:xsi="http://www.w3.org/2001/XMLSchema-instance" xsi:noNamespaceSchemaLocation="https://maven.apache.org/surefire/maven-surefire-plugin/xsd/surefire-test-report.xsd" version="3.0.1" name="de.simonaltschaeffl.poker.PokerEngineTest" time="0.048" tests="4" errors="0" skipped="0" failures="0">
  <properties>
[...]
</properties>
  <testcase name="testStandardGameFlow" classname="de.simonaltschaeffl.poker.PokerEngineTest" time="0.008">
    <system-out><![CDATA[TEST START: testStandardGameFlow
Setup: Blinds 10/20. Players P1, P2.
Phase: RIVER
Actions: Check-Check on River.
Result: HAND_ENDED. Pot Split verified. P1:1000, P2:1000.
TEST PASSED: testStandardGameFlow
--------------------------------------------------
]]></system-out>
  </testcase>
  <testcase name="testMinRaiseAndReRaise" classname="de.simonaltschaeffl.poker.PokerEngineTest" time="0.002">
    <system-out><![CDATA[TEST START: testMinRaiseAndReRaise
Verified: Valid Re-raise accepted.
TEST PASSED: testMinRaiseAndReRaise
--------------------------------------------------
]]></system-out>
  </testcase>
  <testcase name="testCactusKevEvaluator" classname="de.simonaltschaeffl.poker.PokerEngineTest" time="0.03">
    <system-out><![CDATA[TEST START: testCactusKevEvaluator
Testing Royal Flush...
Testing Straight Flush (King High)...
Testing Four of a Kind...
Testing Full House...
Testing Flush...
Testing Straight...
Testing Wheel Straight (5-High)...
Testing Three of a Kind...
Testing Two Pair...
Testing One Pair...
Testing High Card...
Verified: All Hand Ranks identified correctly.
TEST PASSED: testCactusKevEvaluator
--------------------------------------------------
]]></system-out>
  </testcase>
  <testcase name="testSidePots" classname="de.simonaltschaeffl.poker.PokerEngineTest" time="0.003">
    <system-out><![CDATA[TEST START: testSidePots
Setup: 3-way All-in Scenario. P1(100, RF), P2(200, Flush), P3(500, Trash).
Result: Payouts Verified. P1(+300)=300, P2(+0)=200, P3(-200)=300.
TEST PASSED: testSidePots
--------------------------------------------------
]]></system-out>
  </testcase>
</testsuite>